============================= test session starts =============================
platform win32 -- Python 3.14.7, pytest-9.1.1, pluggy-1.6.0 -- C:\Program Files\Python\python.exe
cachedir: .pytest_cache
rootdir: D:\proyectos\template
configfile: pytest.ini
plugins: anyio-4.14.2
collecting ... collected 3 items

tests/test_close_feature_script.py::test_already_closed_feature_is_idempotent_and_does_not_create_empty_commit PASSED [ 33%]
tests/test_feature_contract_scripts.py::test_contract_rejects_link_outside_managed_zone PASSED [ 66%]
tests/test_local_reconciler_scripts.py::test_reconciler_never_removes_dirty_worktree PASSED [100%]

============================== warnings summary ===============================
..\..\tools-ai\python\Python314\site-packages\_pytest\cacheprovider.py:469
  D:\tools-ai\python\Python314\site-packages\_pytest\cacheprovider.py:469: PytestCacheWarning: could not create cache path D:\proyectos\template\.pytest_cache\v\cache\nodeids: [WinError 183] No se puede crear un archivo que ya existe: 'D:\\proyectos\\template\\.pytest_cache\\v\\cache'
    config.cache.set("cache/nodeids", sorted(self.cached_nodeids))

-- Docs: https://docs.pytest.org/en/stable/how-to/capture-warnings.html
======================== 3 passed, 1 warning in 45.58s ========================
