============================= test session starts =============================
platform win32 -- Python 3.14.7, pytest-9.1.1, pluggy-1.6.0 -- C:\Program Files\Python\python.exe
cachedir: .pytest_cache
rootdir: D:\proyectos\template
configfile: pytest.ini
plugins: anyio-4.14.2
collecting ... collected 190 items

tests/test_agentic_schemas.py::test_agents_json_is_valid_against_its_schema PASSED [  0%]
tests/test_agentic_schemas.py::test_agents_json_referenced_schema_path_exists PASSED [  1%]
tests/test_agentic_schemas.py::test_agents_schema_rejects_role_without_description PASSED [  1%]
tests/test_agentic_schemas.py::test_agents_schema_rejects_unknown_field_inside_claude_block PASSED [  2%]
tests/test_agentic_schemas.py::test_models_json_is_valid_against_its_schema PASSED [  2%]
tests/test_agentic_schemas.py::test_models_json_referenced_schema_path_exists PASSED [  3%]
tests/test_agentic_schemas.py::test_models_schema_rejects_document_without_providers PASSED [  3%]
tests/test_agentic_schemas.py::test_models_schema_rejects_role_fallback_without_variant PASSED [  4%]
tests/test_agentic_schemas.py::test_work_unit_manifest_is_valid_against_its_schema PASSED [  4%]
tests/test_agentic_schemas.py::test_work_unit_schema_rejects_empty_items PASSED [  5%]
tests/test_agentic_schemas.py::test_work_unit_schema_rejects_non_milestone_mode PASSED [  5%]
tests/test_agentic_schemas.py::test_work_unit_schema_rejects_item_without_number_prefix PASSED [  6%]
tests/test_agentic_sync_scripts.py::test_sync_generates_adapters_and_is_idempotent PASSED [  6%]
tests/test_agentic_sync_scripts.py::test_sync_generates_read_only_code_reviewer_agent_adapter PASSED [  7%]
tests/test_agentic_sync_scripts.py::test_check_detects_generated_adapter_divergence PASSED [  7%]
tests/test_agentic_sync_scripts.py::test_check_detects_opencode_json_divergence PASSED [  8%]
tests/test_agentic_sync_scripts.py::test_check_detects_legacy_prompt_adapters PASSED [  8%]
tests/test_agentic_sync_scripts.py::test_skills_are_mirrored_from_agents_source PASSED [  9%]
tests/test_agents_e2e.py::TestAgentStructure::test_agents_json_has_all_5_roles PASSED [ 10%]
tests/test_agents_e2e.py::TestAgentStructure::test_agents_json_has_prompt_paths PASSED [ 10%]
tests/test_agents_e2e.py::TestAgentStructure::test_models_json_has_fallbacks_list PASSED [ 11%]
tests/test_agents_e2e.py::TestWorkUnitSchema::test_work_unit_schema_has_required_keys PASSED [ 11%]
tests/test_agents_e2e.py::TestWorkUnitSchema::test_work_unit_schema_can_load PASSED [ 12%]
tests/test_agents_e2e.py::TestCircuitContracts::test_feature_contract_script_exists PASSED [ 12%]
tests/test_agents_e2e.py::TestCircuitContracts::test_ci_yaml_has_circuit_tests_job PASSED [ 13%]
tests/test_agents_e2e.py::TestCircuitContracts::test_ci_yaml_has_on_trigger PASSED [ 13%]
tests/test_agents_e2e.py::TestCircuitIntegration::test_pytest_can_collect PASSED [ 14%]
tests/test_agents_e2e.py::TestCircuitIntegration::test_196_or_more_tests_approx PASSED [ 14%]
tests/test_agents_e2e.py::TestRoadmapState::test_roadmap_has_valid_states PASSED [ 15%]
tests/test_agents_e2e.py::test_roundtrip_work_unit_json PASSED           [ 15%]
tests/test_check_adoption_conflicts.py::test_empty_target_reports_no_collisions PASSED [ 16%]
tests/test_check_adoption_conflicts.py::test_target_with_known_paths_reports_collisions PASSED [ 16%]
tests/test_check_adoption_conflicts.py::test_nonexistent_target_fails_explicitly PASSED [ 17%]
tests/test_check_adoption_conflicts.py::test_target_that_is_a_file_fails_explicitly PASSED [ 17%]
tests/test_ci_integration.py::test_workflow_has_name[ci.yml] PASSED      [ 18%]
tests/test_ci_integration.py::test_workflow_has_name[post-hitl-merge-gate.yml] PASSED [ 18%]
tests/test_ci_integration.py::test_workflow_has_name[post-merge-close-feature.yml] PASSED [ 19%]
tests/test_ci_integration.py::test_workflow_has_on[ci.yml] PASSED        [ 20%]
tests/test_ci_integration.py::test_workflow_has_on[post-hitl-merge-gate.yml] PASSED [ 20%]
tests/test_ci_integration.py::test_workflow_has_on[post-merge-close-feature.yml] PASSED [ 21%]
tests/test_ci_integration.py::test_ci_has_circuit_tests_job[ci.yml] PASSED [ 21%]
tests/test_ci_integration.py::test_ci_has_product_tests_job[ci.yml] PASSED [ 22%]
tests/test_ci_integration.py::test_circuit_tests_runs_pytest[ci.yml] PASSED [ 22%]
tests/test_ci_integration.py::test_product_tests_is_placeholder[ci.yml] PASSED [ 23%]
tests/test_ci_integration.py::test_post_hitl_gate_has_human_check[post-hitl-merge-gate.yml] PASSED [ 23%]
tests/test_ci_integration.py::test_post_merge_close_has_steps[post-merge-close-feature.yml] PASSED [ 24%]
tests/test_ci_integration.py::test_all_workflows_mention_agents_md PASSED [ 24%]
tests/test_ci_workflow.py::test_ci_workflow_declares_circuit_tests_and_product_tests_jobs PASSED [ 25%]
tests/test_ci_workflow.py::test_circuit_tests_job_runs_pytest PASSED     [ 25%]
tests/test_ci_workflow.py::test_product_tests_job_has_placeholder_marker PASSED [ 26%]
tests/test_ci_workflow.py::test_validar_adaptadores_agenticos_is_a_real_gate PASSED [ 26%]
tests/test_ci_workflow.py::test_both_jobs_share_same_workflow_triggers PASSED [ 27%]
tests/test_close_feature_script.py::test_closes_ready_feature_once_and_cleans_after_remote_validation PASSED [ 27%]
tests/test_close_feature_script.py::test_already_closed_feature_is_idempotent_and_does_not_create_empty_commit PASSED [ 28%]
tests/test_close_feature_script.py::test_invalid_roadmap_states_fail_before_cleanup[- [ ] 07-feriados - Consulta\n-No existe una entrada exacta] PASSED [ 28%]
tests/test_close_feature_script.py::test_invalid_roadmap_states_fail_before_cleanup[- [-] 06-patente - Uno\n- [-] 06-patente - Dos\n-mas de una coincidencia] PASSED [ 29%]
tests/test_close_feature_script.py::test_invalid_roadmap_states_fail_before_cleanup[- [-] 06-patente - Uno\n- [x] 06-patente - Dos\n-mas de una coincidencia] PASSED [ 30%]
tests/test_close_feature_script.py::test_pending_feature_fails_because_only_ready_can_be_closed PASSED [ 30%]
tests/test_close_feature_script.py::test_pr_not_merged_fails_before_cleanup PASSED [ 31%]
tests/test_close_feature_script.py::test_pr_merged_into_another_base_stops_without_cleanup PASSED [ 31%]
tests/test_close_feature_script.py::test_push_failure_does_not_cleanup_or_claim_success PASSED [ 32%]
tests/test_close_feature_script.py::test_rerun_after_success_does_not_create_commit PASSED [ 32%]
tests/test_close_feature_script.py::test_retry_after_failed_push_completes_on_rerun PASSED [ 33%]
tests/test_complete_approved_pr_script.py::test_complete_approved_pr_merges_after_green_checks PASSED [ 33%]
tests/test_complete_approved_pr_script.py::test_complete_approved_pr_returns_builder_feedback_when_checks_fail PASSED [ 34%]
tests/test_complete_approved_pr_script.py::test_complete_approved_pr_requires_hitl_approval_before_checks PASSED [ 34%]
tests/test_complete_approved_pr_script.py::test_complete_approved_pr_blocks_wrong_base_branch PASSED [ 35%]
tests/test_complete_approved_pr_script.py::test_complete_approved_pr_rejects_stale_approval PASSED [ 35%]
tests/test_complete_approved_pr_script.py::test_complete_approved_pr_uses_most_recent_approved_review PASSED [ 36%]
tests/test_complete_approved_pr_script.py::test_complete_approved_pr_is_rerunnable_after_checks_turn_green PASSED [ 36%]
tests/test_feature_contract_scripts.py::test_scaffolding_decision_docs_and_index_links_are_idempotent PASSED [ 37%]
tests/test_feature_contract_scripts.py::test_decision_file_does_not_claim_merge_and_references_hitl PASSED [ 37%]
tests/test_feature_contract_scripts.py::test_index_update_fails_for_missing_destination_and_ambiguous_links PASSED [ 38%]
tests/test_feature_contract_scripts.py::test_index_update_rejects_invalid_markers_without_modifying_file[---\nhide:\n  - navigation\n  - toc\n---\n\n<section class="page-hero page-hero--tecnica">\n  <div class="page-hero__content">Hero Tecnica</div>\n</section>\n\n<section class="documentation-directory" markdown="1">\n  <div class="documentation-directory__header">\n    <h2>Tecnica</h2>\n    <p>Texto externo</p>\n  </div>\n\n  <div class="documentation-directory__grid" markdown="1">\n\n\n\n<!-- FEATURE_LINKS_END -->\n\n  </div>\n</section>\n] PASSED [ 38%]
tests/test_feature_contract_scripts.py::test_index_update_rejects_invalid_markers_without_modifying_file[---\nhide:\n  - navigation\n  - toc\n---\n\n<section class="page-hero page-hero--tecnica">\n  <div class="page-hero__content">Hero Tecnica</div>\n</section>\n\n<section class="documentation-directory" markdown="1">\n  <div class="documentation-directory__header">\n    <h2>Tecnica</h2>\n    <p>Texto externo</p>\n  </div>\n\n  <div class="documentation-directory__grid" markdown="1">\n\n<!-- FEATURE_LINKS_START -->\n\n\n\n  </div>\n</section>\n] PASSED [ 39%]
tests/test_feature_contract_scripts.py::test_index_update_rejects_invalid_markers_without_modifying_file[---\nhide:\n  - navigation\n  - toc\n---\n\n<section class="page-hero page-hero--tecnica">\n  <div class="page-hero__content">Hero Tecnica</div>\n</section>\n\n<section class="documentation-directory" markdown="1">\n  <div class="documentation-directory__header">\n    <h2>Tecnica</h2>\n    <p>Texto externo</p>\n  </div>\n\n  <div class="documentation-directory__grid" markdown="1">\n\n<!-- FEATURE_LINKS_START -->\n<!-- FEATURE_LINKS_START -->\n\n<!-- FEATURE_LINKS_END -->\n\n  </div>\n</section>\n] PASSED [ 40%]
tests/test_feature_contract_scripts.py::test_index_update_rejects_invalid_markers_without_modifying_file[---\nhide:\n  - navigation\n  - toc\n---\n\n<section class="page-hero page-hero--tecnica">\n  <div class="page-hero__content">Hero Tecnica</div>\n</section>\n\n<section class="documentation-directory" markdown="1">\n  <div class="documentation-directory__header">\n    <h2>Tecnica</h2>\n    <p>Texto externo</p>\n  </div>\n\n  <div class="documentation-directory__grid" markdown="1">\n\n<!-- FEATURE_LINKS_START -->\n\n<!-- FEATURE_LINKS_END -->\n<!-- FEATURE_LINKS_END -->\n\n  </div>\n</section>\n] PASSED [ 40%]
tests/test_feature_contract_scripts.py::test_index_update_rejects_invalid_markers_without_modifying_file[---\nhide:\n  - navigation\n  - toc\n---\n\n<section class="page-hero page-hero--tecnica">\n  <div class="page-hero__content">Hero Tecnica</div>\n</section>\n\n<section class="documentation-directory" markdown="1">\n  <div class="documentation-directory__header">\n    <h2>Tecnica</h2>\n    <p>Texto externo</p>\n  </div>\n\n  <div class="documentation-directory__grid" markdown="1">\n\n<!-- FEATURE_LINKS_END -->\n\n<!-- FEATURE_LINKS_START -->\n\n  </div>\n</section>\n] PASSED [ 41%]
tests/test_feature_contract_scripts.py::test_index_update_rejects_existing_link_outside_managed_zone PASSED [ 41%]
tests/test_feature_contract_scripts.py::test_preflight_prevents_partial_update_when_second_index_is_invalid PASSED [ 42%]
tests/test_feature_contract_scripts.py::test_contract_rejects_link_outside_managed_zone PASSED [ 42%]
tests/test_feature_contract_scripts.py::test_ready_gate_fails_when_decision_or_index_link_is_missing PASSED [ 43%]
tests/test_feature_contract_scripts.py::test_contract_passes_with_full_valid_run PASSED [ 43%]
tests/test_feature_contract_scripts.py::test_contract_uses_real_numeric_order_not_lexicographic PASSED [ 44%]
tests/test_feature_contract_scripts.py::test_contract_fails_when_latest_real_attempt_is_rejected PASSED [ 44%]
tests/test_feature_contract_scripts.py::test_contract_fails_when_previous_attempt_rejected_and_no_later_attempt_exists PASSED [ 45%]
tests/test_feature_contract_scripts.py::test_contract_fails_with_readable_message_when_latest_attempt_file_is_empty PASSED [ 45%]
tests/test_feature_contract_scripts.py::test_contract_fails_when_yaml_block_is_missing PASSED [ 46%]
tests/test_feature_contract_scripts.py::test_contract_fails_when_attempt_does_not_match_filename PASSED [ 46%]
tests/test_feature_contract_scripts.py::test_contract_fails_when_status_value_is_malformed PASSED [ 47%]
tests/test_feature_contract_scripts.py::test_contract_fails_when_plan_or_tasks_is_missing[plan.md] PASSED [ 47%]
tests/test_feature_contract_scripts.py::test_contract_fails_when_plan_or_tasks_is_missing[tasks.md] PASSED [ 48%]
tests/test_feature_contract_scripts.py::test_contract_fails_when_code_review_is_entirely_missing PASSED [ 48%]
tests/test_feature_contract_scripts.py::test_ready_for_pr_creates_pr_after_expected_missing_pr PASSED [ 49%]
tests/test_feature_contract_scripts.py::test_ready_for_pr_reuses_existing_pr_without_duplicate PASSED [ 50%]
tests/test_feature_contract_scripts.py::test_ready_for_pr_blocks_real_gh_error PASSED [ 50%]
tests/test_feature_contract_scripts.py::test_ready_for_pr_blocks_roadmap_mutation_when_contract_fails PASSED [ 51%]
tests/test_feature_contract_scripts.py::test_ready_for_pr_pr_body_references_real_latest_attempt PASSED [ 51%]
tests/test_feature_contract_scripts.py::test_workflow_yaml_is_valid PASSED [ 52%]
tests/test_guard_develop_branch_workflow.py::test_guard_workflow_exists PASSED [ 52%]
tests/test_guard_develop_branch_workflow.py::test_guard_workflow_triggers_only_on_push_to_develop PASSED [ 53%]
tests/test_guard_develop_branch_workflow.py::test_guard_workflow_declares_least_privilege_permissions PASSED [ 53%]
tests/test_guard_develop_branch_workflow.py::test_guard_workflow_has_concurrency_group PASSED [ 54%]
tests/test_guard_develop_branch_workflow.py::test_guard_workflow_skips_github_actions_bot_actor PASSED [ 54%]
tests/test_guard_develop_branch_workflow.py::test_guard_workflow_checks_commit_pr_association_against_develop PASSED [ 55%]
tests/test_guard_develop_branch_workflow.py::test_guard_workflow_handles_forced_push PASSED [ 55%]
tests/test_guard_develop_branch_workflow.py::test_guard_workflow_reverts_offending_commits_without_editor PASSED [ 56%]
tests/test_guard_develop_branch_workflow.py::test_guard_workflow_aborts_revert_on_conflict_instead_of_forcing_state PASSED [ 56%]
tests/test_guard_develop_branch_workflow.py::test_guard_workflow_creates_auditable_issue_on_violation PASSED [ 57%]
tests/test_guard_develop_branch_workflow.py::test_guard_workflow_fails_the_run_when_violation_detected PASSED [ 57%]
tests/test_guard_develop_branch_workflow.py::test_guard_workflow_never_force_pushes_without_lease PASSED [ 58%]
tests/test_guard_develop_branch_workflow.py::test_restore_step_uses_force_with_lease_bound_to_after PASSED [ 58%]
tests/test_guard_develop_branch_workflow.py::test_restore_step_checks_remote_head_before_restoring PASSED [ 59%]
tests/test_guard_develop_branch_workflow.py::test_revert_step_fetches_latest_develop_before_reverting PASSED [ 60%]
tests/test_guard_develop_branch_workflow.py::test_revert_step_push_is_never_forced_and_detects_concurrent_update PASSED [ 60%]
tests/test_guard_develop_branch_workflow.py::test_remediation_and_incident_steps_run_even_after_a_failed_prior_step PASSED [ 61%]
tests/test_guard_develop_branch_workflow.py::test_incident_step_reports_concurrent_update_and_unresolved_states PASSED [ 61%]
tests/test_local_reconciler_scripts.py::test_start_reconciler_in_main_checkout FAILED [ 62%]
tests/test_local_reconciler_scripts.py::test_start_reconciler_from_linked_worktree FAILED [ 62%]
tests/test_local_reconciler_scripts.py::test_start_reconciler_does_not_duplicate_while_running PASSED [ 63%]
tests/test_local_reconciler_scripts.py::test_start_reconciler_replaces_stale_lock FAILED [ 63%]
tests/test_local_reconciler_scripts.py::test_reconciler_cleans_worktree_and_branch_when_remote_closed PASSED [ 64%]
tests/test_local_reconciler_scripts.py::test_reconciler_cleans_only_target_worktree_and_branch PASSED [ 64%]
tests/test_local_reconciler_scripts.py::test_reconciler_never_removes_dirty_worktree PASSED [ 65%]
tests/test_milestone_close_feature.py::test_closes_all_items_atomically_in_one_commit PASSED [ 65%]
tests/test_milestone_close_feature.py::test_idempotent_rerun_when_all_already_closed PASSED [ 66%]
tests/test_milestone_close_feature.py::test_partial_close_state_is_rejected_as_unrecoverable PASSED [ 66%]
tests/test_milestone_close_feature.py::test_retry_after_failed_push_completes_on_rerun PASSED [ 67%]
tests/test_milestone_close_feature.py::test_rerun_after_success_does_not_create_commit PASSED [ 67%]
tests/test_milestone_contract.py::test_milestone_contract_happy_path PASSED [ 68%]
tests/test_milestone_contract.py::test_milestone_contract_missing_manifest_is_rejected PASSED [ 68%]
tests/test_milestone_contract.py::test_milestone_contract_missing_one_item_tech_doc_is_rejected PASSED [ 69%]
tests/test_milestone_contract.py::test_milestone_contract_missing_decision_is_rejected PASSED [ 70%]
tests/test_milestone_contract.py::test_milestone_contract_require_ready_roadmap PASSED [ 70%]
tests/test_milestone_contract.py::test_milestone_contract_missing_plan_or_tasks_is_rejected[plan.md] PASSED [ 71%]
tests/test_milestone_contract.py::test_milestone_contract_missing_plan_or_tasks_is_rejected[tasks.md] PASSED [ 71%]
tests/test_milestone_contract.py::test_milestone_contract_missing_code_review_is_rejected PASSED [ 72%]
tests/test_milestone_contract.py::test_milestone_contract_uses_real_numeric_order_not_lexicographic PASSED [ 72%]
tests/test_milestone_contract.py::test_milestone_contract_fails_when_latest_real_attempt_is_rejected PASSED [ 73%]
tests/test_milestone_contract.py::test_milestone_contract_fails_when_yaml_block_is_missing PASSED [ 73%]
tests/test_milestone_contract.py::test_milestone_contract_require_ready_roadmap_fails_if_one_item_pending PASSED [ 74%]
tests/test_milestone_ready_for_pr.py::test_milestone_ready_for_pr_transitions_all_items_atomically PASSED [ 74%]
tests/test_milestone_ready_for_pr.py::test_milestone_ready_for_pr_blocks_when_one_item_not_pending PASSED [ 75%]
tests/test_milestone_ready_for_pr.py::test_milestone_ready_for_pr_blocks_roadmap_mutation_when_contract_fails PASSED [ 75%]
tests/test_milestone_ready_for_pr.py::test_milestone_pr_body_references_real_latest_attempt PASSED [ 76%]
tests/test_milestone_ready_for_pr.py::test_milestone_pr_body_lists_every_item PASSED [ 76%]
tests/test_model_router_scripts.py::test_explicit_valid_model_is_resolved_and_evidenced PASSED [ 77%]
tests/test_model_router_scripts.py::test_default_model_uses_role_default PASSED [ 77%]
tests/test_model_router_scripts.py::test_run_yaml_can_select_model_before_spec_exists PASSED [ 78%]
tests/test_model_router_scripts.py::test_invalid_selection_is_rejected[args0-Proveedor desconocido] PASSED [ 78%]
tests/test_model_router_scripts.py::test_invalid_selection_is_rejected[args1-Modelo no autorizado] PASSED [ 79%]
tests/test_model_router_scripts.py::test_invalid_selection_is_rejected[args2-Variante invalida] PASSED [ 80%]
tests/test_model_router_scripts.py::test_missing_credentials_stop_execution_without_fallback PASSED [ 80%]
tests/test_model_router_scripts.py::test_go_quota_failure_falls_back_to_authorized_zen PASSED [ 81%]
tests/test_model_router_scripts.py::test_fallback_not_authorized_stops_after_go_failure PASSED [ 81%]
tests/test_model_router_scripts.py::test_openrouter_fallback_requires_explicit_authorization PASSED [ 82%]
tests/test_model_router_scripts.py::test_absence_of_all_models_available_fails PASSED [ 82%]
tests/test_model_router_scripts.py::test_live_catalog_is_blocked_in_test_mode PASSED [ 83%]
tests/test_product_context_compatibility.py::test_contract_passes_without_docs_producto_directory PASSED [ 83%]
tests/test_product_context_compatibility.py::test_contract_still_passes_when_docs_producto_exists PASSED [ 84%]
tests/test_product_context_compatibility.py::test_roadmap_item_state_ignores_trailing_referencias_block[[ ]-Pending] PASSED [ 84%]
tests/test_product_context_compatibility.py::test_roadmap_item_state_ignores_trailing_referencias_block[[-]-Ready] PASSED [ 85%]
tests/test_product_context_compatibility.py::test_roadmap_item_state_ignores_trailing_referencias_block[[x]-Done] PASSED [ 85%]
tests/test_product_context_compatibility.py::test_roadmap_item_state_of_following_item_unaffected_by_referencias_block PASSED [ 86%]
tests/test_product_context_compatibility.py::test_roadmap_transition_with_referencias_block_still_succeeds PASSED [ 86%]
tests/test_start_work_unit.py::test_feature_happy_path_creates_branch_and_worktree PASSED [ 87%]
tests/test_start_work_unit.py::test_feature_item_already_non_pending_is_rejected PASSED [ 87%]
tests/test_start_work_unit.py::test_feature_rejects_items_param PASSED   [ 88%]
tests/test_start_work_unit.py::test_dirty_develop_blocks_start PASSED    [ 88%]
tests/test_start_work_unit.py::test_must_run_from_main_checkout_not_worktree PASSED [ 89%]
tests/test_start_work_unit.py::test_milestone_happy_path_with_two_items PASSED [ 90%]
tests/test_start_work_unit.py::test_milestone_item_already_claimed_by_existing_manifest_is_rejected PASSED [ 90%]
tests/test_start_work_unit.py::test_milestone_duplicate_item_in_same_list_is_rejected PASSED [ 91%]
tests/test_start_work_unit.py::test_milestone_item_not_in_roadmap_is_rejected PASSED [ 91%]
tests/test_start_work_unit.py::test_milestone_requires_items_param PASSED [ 92%]
tests/test_workunit_lib.py::test_get_roadmap_item_state_detects_single_state[- [ ] 02-item-a - Uno\n-Pending] PASSED [ 92%]
tests/test_workunit_lib.py::test_get_roadmap_item_state_detects_single_state[- [-] 02-item-a - Uno\n-Ready] PASSED [ 93%]
tests/test_workunit_lib.py::test_get_roadmap_item_state_detects_single_state[- [x] 02-item-a - Uno\n-Done] PASSED [ 93%]
tests/test_workunit_lib.py::test_get_roadmap_item_state_missing_and_ambiguous PASSED [ 94%]
tests/test_workunit_lib.py::test_get_workunit_info_feature_matches_legacy_shape PASSED [ 94%]
tests/test_workunit_lib.py::test_get_workunit_info_feature_rejects_invalid_slug PASSED [ 95%]
tests/test_workunit_lib.py::test_get_workunit_info_milestone_shape_and_items PASSED [ 95%]
tests/test_workunit_lib.py::test_get_workunit_info_milestone_rejects_numbered_slug PASSED [ 96%]
tests/test_workunit_lib.py::test_get_workunit_info_milestone_reads_items_from_manifest_when_present PASSED [ 96%]
tests/test_workunit_lib.py::test_write_then_read_workunit_manifest_roundtrip PASSED [ 97%]
tests/test_workunit_lib.py::test_read_workunit_manifest_missing_file_throws PASSED [ 97%]
tests/test_workunit_lib.py::test_read_workunit_manifest_rejects_wrong_mode PASSED [ 98%]
tests/test_workunit_lib.py::test_assert_roadmap_items_transition_all_pass PASSED [ 98%]
tests/test_workunit_lib.py::test_assert_roadmap_items_transition_one_item_wrong_state_blocks_all PASSED [ 99%]
tests/test_workunit_lib.py::test_assert_roadmap_items_transition_empty_list_throws PASSED [100%]

================================== FAILURES ===================================
___________________ test_start_reconciler_in_main_checkout ____________________
tests\test_local_reconciler_scripts.py:201: in test_start_reconciler_in_main_checkout
    wait_for_reconciler_running(main, SLUG)
tests\test_local_reconciler_scripts.py:152: in wait_for_reconciler_running
    wait_until(
tests\test_local_reconciler_scripts.py:140: in wait_until
    raise AssertionError(message)
E   AssertionError: El reconciliador de 99-demo no arranco en 60.0s (log/lock ausentes).
_________________ test_start_reconciler_from_linked_worktree __________________
tests\test_local_reconciler_scripts.py:216: in test_start_reconciler_from_linked_worktree
    wait_for_reconciler_running(main, SLUG)
tests\test_local_reconciler_scripts.py:152: in wait_for_reconciler_running
    wait_until(
tests\test_local_reconciler_scripts.py:140: in wait_until
    raise AssertionError(message)
E   AssertionError: El reconciliador de 99-demo no arranco en 60.0s (log/lock ausentes).
__________________ test_start_reconciler_replaces_stale_lock __________________
tests\test_local_reconciler_scripts.py:250: in test_start_reconciler_replaces_stale_lock
    pid = wait_for_reconciler_running(main, SLUG)
          ^^^^^^^^^^^^^^^^^^^^^^^^^^^^^^^^^^^^^^^
tests\test_local_reconciler_scripts.py:152: in wait_for_reconciler_running
    wait_until(
tests\test_local_reconciler_scripts.py:140: in wait_until
    raise AssertionError(message)
E   AssertionError: El reconciliador de 99-demo no arranco en 60.0s (log/lock ausentes).
============================== warnings summary ===============================
..\..\tools-ai\python\Python314\site-packages\_pytest\cacheprovider.py:469
  D:\tools-ai\python\Python314\site-packages\_pytest\cacheprovider.py:469: PytestCacheWarning: could not create cache path D:\proyectos\template\.pytest_cache\v\cache\nodeids: [WinError 183] No se puede crear un archivo que ya existe: 'D:\\proyectos\\template\\.pytest_cache\\v\\cache'
    config.cache.set("cache/nodeids", sorted(self.cached_nodeids))

..\..\tools-ai\python\Python314\site-packages\_pytest\cacheprovider.py:423
  D:\tools-ai\python\Python314\site-packages\_pytest\cacheprovider.py:423: PytestCacheWarning: could not create cache path D:\proyectos\template\.pytest_cache\v\cache\lastfailed: [WinError 183] No se puede crear un archivo que ya existe: 'D:\\proyectos\\template\\.pytest_cache\\v\\cache'
    config.cache.set("cache/lastfailed", self.lastfailed)

-- Docs: https://docs.pytest.org/en/stable/how-to/capture-warnings.html
=========================== short test summary info ===========================
FAILED tests/test_local_reconciler_scripts.py::test_start_reconciler_in_main_checkout
FAILED tests/test_local_reconciler_scripts.py::test_start_reconciler_from_linked_worktree
FAILED tests/test_local_reconciler_scripts.py::test_start_reconciler_replaces_stale_lock
=========== 3 failed, 187 passed, 2 warnings in 1296.01s (0:21:36) ============
EXIT_CODE=1
